<?xml version="1.0" encoding="UTF-8"?>
<testsuite xmlns:xsi="http://www.w3.org/2001/XMLSchema-instance" xsi:noNamespaceSchemaLocation="https://maven.apache.org/surefire/maven-surefire-plugin/xsd/surefire-test-report-3.0.xsd" version="3.0" name="ShiftValidateTest" time="0.078" tests="15" errors="0" skipped="0" failures="0">
  <properties>
[...]
</properties>
  <testcase name="TC01_nullShiftObject" classname="ShiftValidateTest" time="0.022"/>
  <testcase name="TC02_nullShiftName" classname="ShiftValidateTest" time="0.004"/>
  <testcase name="TC03_emptyShiftName" classname="ShiftValidateTest" time="0.001"/>
  <testcase name="TC04_blankShiftName" classname="ShiftValidateTest" time="0.001"/>
  <testcase name="TC05_nullStartTime" classname="ShiftValidateTest" time="0.0"/>
  <testcase name="TC06_nullEndTime" classname="ShiftValidateTest" time="0.0"/>
  <testcase name="TC07_dayShift_endBeforeStart" classname="ShiftValidateTest" time="0.002"/>
  <testcase name="TC08_dayShift_startEqualsEnd" classname="ShiftValidateTest" time="0.0"/>
  <testcase name="TC09_zeroCoefficient" classname="ShiftValidateTest" time="0.0"/>
  <testcase name="TC10_negativeCoefficient" classname="ShiftValidateTest" time="0.0"/>
  <testcase name="TC11_nightShiftFlag_skipTimeCheck" classname="ShiftValidateTest" time="0.001"/>
  <testcase name="TC12_validDayShift_returnsNull" classname="ShiftValidateTest" time="0.0"/>
  <testcase name="TC13_validNightShift_returnsNull" classname="ShiftValidateTest" time="0.001"/>
  <testcase name="TC14_minPositiveCoefficient_valid" classname="ShiftValidateTest" time="0.0"/>
  <testcase name="TC15_standardOfficeShift_valid" classname="ShiftValidateTest" time="0.001"/>
</testsuite>